\BOOKMARK [0][-]{chapter.1}{\376\377\0001\000\040\000C\000l\000a\000s\000s\000\040\000I\000n\000d\000e\000x}{}% 1
\BOOKMARK [1][-]{section.1.1}{\376\377\0001\000.\0001\000\040\000C\000l\000a\000s\000s\000\040\000L\000i\000s\000t}{chapter.1}% 2
\BOOKMARK [0][-]{chapter.2}{\376\377\0002\000\040\000F\000i\000l\000e\000\040\000I\000n\000d\000e\000x}{}% 3
\BOOKMARK [1][-]{section.2.1}{\376\377\0002\000.\0001\000\040\000F\000i\000l\000e\000\040\000L\000i\000s\000t}{chapter.2}% 4
\BOOKMARK [0][-]{chapter.3}{\376\377\0003\000\040\000C\000l\000a\000s\000s\000\040\000D\000o\000c\000u\000m\000e\000n\000t\000a\000t\000i\000o\000n}{}% 5
\BOOKMARK [1][-]{section.3.1}{\376\377\0003\000.\0001\000\040\000A\000i\000r\000l\000i\000n\000e\000\040\000C\000l\000a\000s\000s\000\040\000R\000e\000f\000e\000r\000e\000n\000c\000e}{chapter.3}% 6
\BOOKMARK [2][-]{subsection.3.1.1}{\376\377\0003\000.\0001\000.\0001\000\040\000D\000e\000t\000a\000i\000l\000e\000d\000\040\000D\000e\000s\000c\000r\000i\000p\000t\000i\000o\000n}{section.3.1}% 7
\BOOKMARK [2][-]{subsection.3.1.2}{\376\377\0003\000.\0001\000.\0002\000\040\000C\000o\000n\000s\000t\000r\000u\000c\000t\000o\000r\000\040\000\046\000\040\000D\000e\000s\000t\000r\000u\000c\000t\000o\000r\000\040\000D\000o\000c\000u\000m\000e\000n\000t\000a\000t\000i\000o\000n}{section.3.1}% 8
\BOOKMARK [3][-]{subsubsection.3.1.2.1}{\376\377\0003\000.\0001\000.\0002\000.\0001\000\040\000A\000i\000r\000l\000i\000n\000e\000\050\000\051\000\040\000[\0001\000/\0002\000]}{subsection.3.1.2}% 9
\BOOKMARK [3][-]{subsubsection.3.1.2.2}{\376\377\0003\000.\0001\000.\0002\000.\0002\000\040\000A\000i\000r\000l\000i\000n\000e\000\050\000\051\000\040\000[\0002\000/\0002\000]}{subsection.3.1.2}% 10
\BOOKMARK [2][-]{subsection.3.1.3}{\376\377\0003\000.\0001\000.\0003\000\040\000M\000e\000m\000b\000e\000r\000\040\000F\000u\000n\000c\000t\000i\000o\000n\000\040\000D\000o\000c\000u\000m\000e\000n\000t\000a\000t\000i\000o\000n}{section.3.1}% 11
\BOOKMARK [3][-]{subsubsection.3.1.3.1}{\376\377\0003\000.\0001\000.\0003\000.\0001\000\040\000d\000i\000s\000p\000l\000a\000y\000\050\000\051}{subsection.3.1.3}% 12
\BOOKMARK [3][-]{subsubsection.3.1.3.2}{\376\377\0003\000.\0001\000.\0003\000.\0002\000\040\000g\000e\000t\000C\000a\000l\000l\000s\000i\000g\000n\000\050\000\051}{subsection.3.1.3}% 13
\BOOKMARK [3][-]{subsubsection.3.1.3.3}{\376\377\0003\000.\0001\000.\0003\000.\0003\000\040\000g\000e\000t\000C\000o\000d\000e\000\050\000\051}{subsection.3.1.3}% 14
\BOOKMARK [3][-]{subsubsection.3.1.3.4}{\376\377\0003\000.\0001\000.\0003\000.\0004\000\040\000g\000e\000t\000C\000o\000u\000n\000t\000r\000y\000\050\000\051}{subsection.3.1.3}% 15
\BOOKMARK [3][-]{subsubsection.3.1.3.5}{\376\377\0003\000.\0001\000.\0003\000.\0005\000\040\000g\000e\000t\000N\000a\000m\000e\000\050\000\051}{subsection.3.1.3}% 16
\BOOKMARK [3][-]{subsubsection.3.1.3.6}{\376\377\0003\000.\0001\000.\0003\000.\0006\000\040\000o\000p\000e\000r\000a\000t\000o\000r\000=\000=\000\050\000\051}{subsection.3.1.3}% 17
\BOOKMARK [3][-]{subsubsection.3.1.3.7}{\376\377\0003\000.\0001\000.\0003\000.\0007\000\040\000s\000e\000t\000C\000a\000l\000l\000s\000i\000g\000n\000\050\000\051}{subsection.3.1.3}% 18
\BOOKMARK [3][-]{subsubsection.3.1.3.8}{\376\377\0003\000.\0001\000.\0003\000.\0008\000\040\000s\000e\000t\000C\000o\000d\000e\000\050\000\051}{subsection.3.1.3}% 19
\BOOKMARK [3][-]{subsubsection.3.1.3.9}{\376\377\0003\000.\0001\000.\0003\000.\0009\000\040\000s\000e\000t\000C\000o\000u\000n\000t\000r\000y\000\050\000\051}{subsection.3.1.3}% 20
\BOOKMARK [3][-]{subsubsection.3.1.3.10}{\376\377\0003\000.\0001\000.\0003\000.\0001\0000\000\040\000s\000e\000t\000N\000a\000m\000e\000\050\000\051}{subsection.3.1.3}% 21
\BOOKMARK [1][-]{section.3.2}{\376\377\0003\000.\0002\000\040\000A\000i\000r\000p\000o\000r\000t\000\040\000C\000l\000a\000s\000s\000\040\000R\000e\000f\000e\000r\000e\000n\000c\000e}{chapter.3}% 22
\BOOKMARK [2][-]{subsection.3.2.1}{\376\377\0003\000.\0002\000.\0001\000\040\000D\000e\000t\000a\000i\000l\000e\000d\000\040\000D\000e\000s\000c\000r\000i\000p\000t\000i\000o\000n}{section.3.2}% 23
\BOOKMARK [2][-]{subsection.3.2.2}{\376\377\0003\000.\0002\000.\0002\000\040\000C\000o\000n\000s\000t\000r\000u\000c\000t\000o\000r\000\040\000\046\000\040\000D\000e\000s\000t\000r\000u\000c\000t\000o\000r\000\040\000D\000o\000c\000u\000m\000e\000n\000t\000a\000t\000i\000o\000n}{section.3.2}% 24
\BOOKMARK [3][-]{subsubsection.3.2.2.1}{\376\377\0003\000.\0002\000.\0002\000.\0001\000\040\000A\000i\000r\000p\000o\000r\000t\000\050\000\051\000\040\000[\0001\000/\0002\000]}{subsection.3.2.2}% 25
\BOOKMARK [3][-]{subsubsection.3.2.2.2}{\376\377\0003\000.\0002\000.\0002\000.\0002\000\040\000A\000i\000r\000p\000o\000r\000t\000\050\000\051\000\040\000[\0002\000/\0002\000]}{subsection.3.2.2}% 26
\BOOKMARK [2][-]{subsection.3.2.3}{\376\377\0003\000.\0002\000.\0003\000\040\000M\000e\000m\000b\000e\000r\000\040\000F\000u\000n\000c\000t\000i\000o\000n\000\040\000D\000o\000c\000u\000m\000e\000n\000t\000a\000t\000i\000o\000n}{section.3.2}% 27
\BOOKMARK [3][-]{subsubsection.3.2.3.1}{\376\377\0003\000.\0002\000.\0003\000.\0001\000\040\000d\000i\000s\000p\000l\000a\000y\000\050\000\051}{subsection.3.2.3}% 28
\BOOKMARK [3][-]{subsubsection.3.2.3.2}{\376\377\0003\000.\0002\000.\0003\000.\0002\000\040\000g\000e\000t\000C\000i\000t\000y\000\050\000\051}{subsection.3.2.3}% 29
\BOOKMARK [3][-]{subsubsection.3.2.3.3}{\376\377\0003\000.\0002\000.\0003\000.\0003\000\040\000g\000e\000t\000C\000o\000d\000e\000\050\000\051}{subsection.3.2.3}% 30
\BOOKMARK [3][-]{subsubsection.3.2.3.4}{\376\377\0003\000.\0002\000.\0003\000.\0004\000\040\000g\000e\000t\000C\000o\000u\000n\000t\000r\000y\000\050\000\051}{subsection.3.2.3}% 31
\BOOKMARK [3][-]{subsubsection.3.2.3.5}{\376\377\0003\000.\0002\000.\0003\000.\0005\000\040\000g\000e\000t\000L\000a\000t\000i\000t\000u\000d\000e\000\050\000\051}{subsection.3.2.3}% 32
\BOOKMARK [3][-]{subsubsection.3.2.3.6}{\376\377\0003\000.\0002\000.\0003\000.\0006\000\040\000g\000e\000t\000L\000o\000n\000g\000i\000t\000u\000d\000e\000\050\000\051}{subsection.3.2.3}% 33
\BOOKMARK [3][-]{subsubsection.3.2.3.7}{\376\377\0003\000.\0002\000.\0003\000.\0007\000\040\000g\000e\000t\000N\000a\000m\000e\000\050\000\051}{subsection.3.2.3}% 34
\BOOKMARK [3][-]{subsubsection.3.2.3.8}{\376\377\0003\000.\0002\000.\0003\000.\0008\000\040\000o\000p\000e\000r\000a\000t\000o\000r\000=\000=\000\050\000\051}{subsection.3.2.3}% 35
\BOOKMARK [3][-]{subsubsection.3.2.3.9}{\376\377\0003\000.\0002\000.\0003\000.\0009\000\040\000s\000e\000t\000C\000i\000t\000y\000\050\000\051}{subsection.3.2.3}% 36
\BOOKMARK [3][-]{subsubsection.3.2.3.10}{\376\377\0003\000.\0002\000.\0003\000.\0001\0000\000\040\000s\000e\000t\000C\000o\000d\000e\000\050\000\051}{subsection.3.2.3}% 37
\BOOKMARK [3][-]{subsubsection.3.2.3.11}{\376\377\0003\000.\0002\000.\0003\000.\0001\0001\000\040\000s\000e\000t\000C\000o\000u\000n\000t\000r\000y\000\050\000\051}{subsection.3.2.3}% 38
\BOOKMARK [3][-]{subsubsection.3.2.3.12}{\376\377\0003\000.\0002\000.\0003\000.\0001\0002\000\040\000s\000e\000t\000L\000a\000t\000i\000t\000u\000d\000e\000\050\000\051}{subsection.3.2.3}% 39
\BOOKMARK [3][-]{subsubsection.3.2.3.13}{\376\377\0003\000.\0002\000.\0003\000.\0001\0003\000\040\000s\000e\000t\000L\000o\000n\000g\000i\000t\000u\000d\000e\000\050\000\051}{subsection.3.2.3}% 40
\BOOKMARK [3][-]{subsubsection.3.2.3.14}{\376\377\0003\000.\0002\000.\0003\000.\0001\0004\000\040\000s\000e\000t\000N\000a\000m\000e\000\050\000\051}{subsection.3.2.3}% 41
\BOOKMARK [1][-]{section.3.3}{\376\377\0003\000.\0003\000\040\000E\000d\000g\000e\000<\000\040\000T\000\040\000>\000\040\000C\000l\000a\000s\000s\000\040\000T\000e\000m\000p\000l\000a\000t\000e\000\040\000R\000e\000f\000e\000r\000e\000n\000c\000e}{chapter.3}% 42
\BOOKMARK [2][-]{subsection.3.3.1}{\376\377\0003\000.\0003\000.\0001\000\040\000D\000e\000t\000a\000i\000l\000e\000d\000\040\000D\000e\000s\000c\000r\000i\000p\000t\000i\000o\000n}{section.3.3}% 43
\BOOKMARK [2][-]{subsection.3.3.2}{\376\377\0003\000.\0003\000.\0002\000\040\000C\000o\000n\000s\000t\000r\000u\000c\000t\000o\000r\000\040\000\046\000\040\000D\000e\000s\000t\000r\000u\000c\000t\000o\000r\000\040\000D\000o\000c\000u\000m\000e\000n\000t\000a\000t\000i\000o\000n}{section.3.3}% 44
\BOOKMARK [3][-]{subsubsection.3.3.2.1}{\376\377\0003\000.\0003\000.\0002\000.\0001\000\040\000E\000d\000g\000e\000\050\000\051}{subsection.3.3.2}% 45
\BOOKMARK [2][-]{subsection.3.3.3}{\376\377\0003\000.\0003\000.\0003\000\040\000M\000e\000m\000b\000e\000r\000\040\000F\000u\000n\000c\000t\000i\000o\000n\000\040\000D\000o\000c\000u\000m\000e\000n\000t\000a\000t\000i\000o\000n}{section.3.3}% 46
\BOOKMARK [3][-]{subsubsection.3.3.3.1}{\376\377\0003\000.\0003\000.\0003\000.\0001\000\040\000g\000e\000t\000D\000e\000s\000t\000\050\000\051}{subsection.3.3.3}% 47
\BOOKMARK [3][-]{subsubsection.3.3.3.2}{\376\377\0003\000.\0003\000.\0003\000.\0002\000\040\000g\000e\000t\000R\000o\000u\000t\000e\000\050\000\051}{subsection.3.3.3}% 48
\BOOKMARK [3][-]{subsubsection.3.3.3.3}{\376\377\0003\000.\0003\000.\0003\000.\0003\000\040\000g\000e\000t\000W\000e\000i\000g\000h\000t\000\050\000\051}{subsection.3.3.3}% 49
\BOOKMARK [3][-]{subsubsection.3.3.3.4}{\376\377\0003\000.\0003\000.\0003\000.\0004\000\040\000s\000e\000t\000D\000e\000s\000t\000\050\000\051}{subsection.3.3.3}% 50
\BOOKMARK [3][-]{subsubsection.3.3.3.5}{\376\377\0003\000.\0003\000.\0003\000.\0005\000\040\000s\000e\000t\000W\000e\000i\000g\000h\000t\000\050\000\051}{subsection.3.3.3}% 51
\BOOKMARK [2][-]{subsection.3.3.4}{\376\377\0003\000.\0003\000.\0004\000\040\000F\000r\000i\000e\000n\000d\000s\000\040\000A\000n\000d\000\040\000R\000e\000l\000a\000t\000e\000d\000\040\000S\000y\000m\000b\000o\000l\000\040\000D\000o\000c\000u\000m\000e\000n\000t\000a\000t\000i\000o\000n}{section.3.3}% 52
\BOOKMARK [3][-]{subsubsection.3.3.4.1}{\376\377\0003\000.\0003\000.\0004\000.\0001\000\040\000G\000r\000a\000p\000h\000<\000\040\000T\000\040\000>}{subsection.3.3.4}% 53
\BOOKMARK [3][-]{subsubsection.3.3.4.2}{\376\377\0003\000.\0003\000.\0004\000.\0002\000\040\000V\000e\000r\000t\000e\000x\000<\000\040\000T\000\040\000>}{subsection.3.3.4}% 54
\BOOKMARK [1][-]{section.3.4}{\376\377\0003\000.\0004\000\040\000F\000l\000i\000g\000h\000t\000\040\000S\000t\000r\000u\000c\000t\000\040\000R\000e\000f\000e\000r\000e\000n\000c\000e}{chapter.3}% 55
\BOOKMARK [2][-]{subsection.3.4.1}{\376\377\0003\000.\0004\000.\0001\000\040\000D\000e\000t\000a\000i\000l\000e\000d\000\040\000D\000e\000s\000c\000r\000i\000p\000t\000i\000o\000n}{section.3.4}% 56
\BOOKMARK [2][-]{subsection.3.4.2}{\376\377\0003\000.\0004\000.\0002\000\040\000M\000e\000m\000b\000e\000r\000\040\000D\000a\000t\000a\000\040\000D\000o\000c\000u\000m\000e\000n\000t\000a\000t\000i\000o\000n}{section.3.4}% 57
\BOOKMARK [3][-]{subsubsection.3.4.2.1}{\376\377\0003\000.\0004\000.\0002\000.\0001\000\040\000a\000i\000r\000l\000i\000n\000e}{subsection.3.4.2}% 58
\BOOKMARK [3][-]{subsubsection.3.4.2.2}{\376\377\0003\000.\0004\000.\0002\000.\0002\000\040\000c\000o\000d\000e}{subsection.3.4.2}% 59
\BOOKMARK [1][-]{section.3.5}{\376\377\0003\000.\0005\000\040\000G\000r\000a\000p\000h\000<\000\040\000T\000\040\000>\000\040\000C\000l\000a\000s\000s\000\040\000T\000e\000m\000p\000l\000a\000t\000e\000\040\000R\000e\000f\000e\000r\000e\000n\000c\000e}{chapter.3}% 60
\BOOKMARK [2][-]{subsection.3.5.1}{\376\377\0003\000.\0005\000.\0001\000\040\000D\000e\000t\000a\000i\000l\000e\000d\000\040\000D\000e\000s\000c\000r\000i\000p\000t\000i\000o\000n}{section.3.5}% 61
\BOOKMARK [2][-]{subsection.3.5.2}{\376\377\0003\000.\0005\000.\0002\000\040\000M\000e\000m\000b\000e\000r\000\040\000F\000u\000n\000c\000t\000i\000o\000n\000\040\000D\000o\000c\000u\000m\000e\000n\000t\000a\000t\000i\000o\000n}{section.3.5}% 62
\BOOKMARK [3][-]{subsubsection.3.5.2.1}{\376\377\0003\000.\0005\000.\0002\000.\0001\000\040\000a\000d\000d\000E\000d\000g\000e\000\050\000\051}{subsection.3.5.2}% 63
\BOOKMARK [3][-]{subsubsection.3.5.2.2}{\376\377\0003\000.\0005\000.\0002\000.\0002\000\040\000a\000d\000d\000V\000e\000r\000t\000e\000x\000\050\000\051}{subsection.3.5.2}% 64
\BOOKMARK [3][-]{subsubsection.3.5.2.3}{\376\377\0003\000.\0005\000.\0002\000.\0003\000\040\000b\000f\000s\000\050\000\051}{subsection.3.5.2}% 65
\BOOKMARK [3][-]{subsubsection.3.5.2.4}{\376\377\0003\000.\0005\000.\0002\000.\0004\000\040\000d\000f\000s\000\050\000\051\000\040\000[\0001\000/\0002\000]}{subsection.3.5.2}% 66
\BOOKMARK [3][-]{subsubsection.3.5.2.5}{\376\377\0003\000.\0005\000.\0002\000.\0005\000\040\000d\000f\000s\000\050\000\051\000\040\000[\0002\000/\0002\000]}{subsection.3.5.2}% 67
\BOOKMARK [3][-]{subsubsection.3.5.2.6}{\376\377\0003\000.\0005\000.\0002\000.\0006\000\040\000f\000i\000n\000d\000V\000e\000r\000t\000e\000x\000\050\000\051}{subsection.3.5.2}% 68
\BOOKMARK [3][-]{subsubsection.3.5.2.7}{\376\377\0003\000.\0005\000.\0002\000.\0007\000\040\000g\000e\000t\000N\000u\000m\000V\000e\000r\000t\000e\000x\000\050\000\051}{subsection.3.5.2}% 69
\BOOKMARK [3][-]{subsubsection.3.5.2.8}{\376\377\0003\000.\0005\000.\0002\000.\0008\000\040\000g\000e\000t\000V\000e\000r\000t\000e\000x\000S\000e\000t\000\050\000\051}{subsection.3.5.2}% 70
\BOOKMARK [3][-]{subsubsection.3.5.2.9}{\376\377\0003\000.\0005\000.\0002\000.\0009\000\040\000i\000s\000D\000A\000G\000\050\000\051}{subsection.3.5.2}% 71
\BOOKMARK [3][-]{subsubsection.3.5.2.10}{\376\377\0003\000.\0005\000.\0002\000.\0001\0000\000\040\000r\000e\000m\000o\000v\000e\000E\000d\000g\000e\000\050\000\051}{subsection.3.5.2}% 72
\BOOKMARK [3][-]{subsubsection.3.5.2.11}{\376\377\0003\000.\0005\000.\0002\000.\0001\0001\000\040\000r\000e\000m\000o\000v\000e\000V\000e\000r\000t\000e\000x\000\050\000\051}{subsection.3.5.2}% 73
\BOOKMARK [3][-]{subsubsection.3.5.2.12}{\376\377\0003\000.\0005\000.\0002\000.\0001\0002\000\040\000t\000o\000p\000s\000o\000r\000t\000\050\000\051}{subsection.3.5.2}% 74
\BOOKMARK [1][-]{section.3.6}{\376\377\0003\000.\0006\000\040\000R\000a\000n\000k\000i\000n\000g\000\040\000S\000t\000r\000u\000c\000t\000\040\000R\000e\000f\000e\000r\000e\000n\000c\000e}{chapter.3}% 75
\BOOKMARK [2][-]{subsection.3.6.1}{\376\377\0003\000.\0006\000.\0001\000\040\000D\000e\000t\000a\000i\000l\000e\000d\000\040\000D\000e\000s\000c\000r\000i\000p\000t\000i\000o\000n}{section.3.6}% 76
\BOOKMARK [2][-]{subsection.3.6.2}{\376\377\0003\000.\0006\000.\0002\000\040\000M\000e\000m\000b\000e\000r\000\040\000D\000a\000t\000a\000\040\000D\000o\000c\000u\000m\000e\000n\000t\000a\000t\000i\000o\000n}{section.3.6}% 77
\BOOKMARK [3][-]{subsubsection.3.6.2.1}{\376\377\0003\000.\0006\000.\0002\000.\0001\000\040\000c\000o\000d\000e}{subsection.3.6.2}% 78
\BOOKMARK [3][-]{subsubsection.3.6.2.2}{\376\377\0003\000.\0006\000.\0002\000.\0002\000\040\000c\000o\000u\000n\000t}{subsection.3.6.2}% 79
\BOOKMARK [1][-]{section.3.7}{\376\377\0003\000.\0007\000\040\000V\000e\000r\000t\000e\000x\000<\000\040\000T\000\040\000>\000\040\000C\000l\000a\000s\000s\000\040\000T\000e\000m\000p\000l\000a\000t\000e\000\040\000R\000e\000f\000e\000r\000e\000n\000c\000e}{chapter.3}% 80
\BOOKMARK [2][-]{subsection.3.7.1}{\376\377\0003\000.\0007\000.\0001\000\040\000D\000e\000t\000a\000i\000l\000e\000d\000\040\000D\000e\000s\000c\000r\000i\000p\000t\000i\000o\000n}{section.3.7}% 81
\BOOKMARK [2][-]{subsection.3.7.2}{\376\377\0003\000.\0007\000.\0002\000\040\000C\000o\000n\000s\000t\000r\000u\000c\000t\000o\000r\000\040\000\046\000\040\000D\000e\000s\000t\000r\000u\000c\000t\000o\000r\000\040\000D\000o\000c\000u\000m\000e\000n\000t\000a\000t\000i\000o\000n}{section.3.7}% 82
\BOOKMARK [3][-]{subsubsection.3.7.2.1}{\376\377\0003\000.\0007\000.\0002\000.\0001\000\040\000V\000e\000r\000t\000e\000x\000\050\000\051}{subsection.3.7.2}% 83
\BOOKMARK [2][-]{subsection.3.7.3}{\376\377\0003\000.\0007\000.\0003\000\040\000M\000e\000m\000b\000e\000r\000\040\000F\000u\000n\000c\000t\000i\000o\000n\000\040\000D\000o\000c\000u\000m\000e\000n\000t\000a\000t\000i\000o\000n}{section.3.7}% 84
\BOOKMARK [3][-]{subsubsection.3.7.3.1}{\376\377\0003\000.\0007\000.\0003\000.\0001\000\040\000g\000e\000t\000A\000d\000j\000\050\000\051}{subsection.3.7.3}% 85
\BOOKMARK [3][-]{subsubsection.3.7.3.2}{\376\377\0003\000.\0007\000.\0003\000.\0002\000\040\000g\000e\000t\000I\000n\000d\000e\000g\000r\000e\000e\000\050\000\051}{subsection.3.7.3}% 86
\BOOKMARK [3][-]{subsubsection.3.7.3.3}{\376\377\0003\000.\0007\000.\0003\000.\0003\000\040\000g\000e\000t\000I\000n\000f\000o\000\050\000\051}{subsection.3.7.3}% 87
\BOOKMARK [3][-]{subsubsection.3.7.3.4}{\376\377\0003\000.\0007\000.\0003\000.\0004\000\040\000g\000e\000t\000L\000o\000w\000\050\000\051}{subsection.3.7.3}% 88
\BOOKMARK [3][-]{subsubsection.3.7.3.5}{\376\377\0003\000.\0007\000.\0003\000.\0005\000\040\000g\000e\000t\000N\000u\000m\000\050\000\051}{subsection.3.7.3}% 89
\BOOKMARK [3][-]{subsubsection.3.7.3.6}{\376\377\0003\000.\0007\000.\0003\000.\0006\000\040\000i\000s\000P\000r\000o\000c\000e\000s\000s\000i\000n\000g\000\050\000\051}{subsection.3.7.3}% 90
\BOOKMARK [3][-]{subsubsection.3.7.3.7}{\376\377\0003\000.\0007\000.\0003\000.\0007\000\040\000i\000s\000V\000i\000s\000i\000t\000e\000d\000\050\000\051}{subsection.3.7.3}% 91
\BOOKMARK [3][-]{subsubsection.3.7.3.8}{\376\377\0003\000.\0007\000.\0003\000.\0008\000\040\000s\000e\000t\000A\000d\000j\000\050\000\051}{subsection.3.7.3}% 92
\BOOKMARK [3][-]{subsubsection.3.7.3.9}{\376\377\0003\000.\0007\000.\0003\000.\0009\000\040\000s\000e\000t\000I\000n\000d\000e\000g\000r\000e\000e\000\050\000\051}{subsection.3.7.3}% 93
\BOOKMARK [3][-]{subsubsection.3.7.3.10}{\376\377\0003\000.\0007\000.\0003\000.\0001\0000\000\040\000s\000e\000t\000I\000n\000f\000o\000\050\000\051}{subsection.3.7.3}% 94
\BOOKMARK [3][-]{subsubsection.3.7.3.11}{\376\377\0003\000.\0007\000.\0003\000.\0001\0001\000\040\000s\000e\000t\000L\000o\000w\000\050\000\051}{subsection.3.7.3}% 95
\BOOKMARK [3][-]{subsubsection.3.7.3.12}{\376\377\0003\000.\0007\000.\0003\000.\0001\0002\000\040\000s\000e\000t\000N\000u\000m\000\050\000\051}{subsection.3.7.3}% 96
\BOOKMARK [3][-]{subsubsection.3.7.3.13}{\376\377\0003\000.\0007\000.\0003\000.\0001\0003\000\040\000s\000e\000t\000P\000r\000o\000c\000e\000s\000s\000i\000n\000g\000\050\000\051}{subsection.3.7.3}% 97
\BOOKMARK [3][-]{subsubsection.3.7.3.14}{\376\377\0003\000.\0007\000.\0003\000.\0001\0004\000\040\000s\000e\000t\000V\000i\000s\000i\000t\000e\000d\000\050\000\051}{subsection.3.7.3}% 98
\BOOKMARK [2][-]{subsection.3.7.4}{\376\377\0003\000.\0007\000.\0004\000\040\000F\000r\000i\000e\000n\000d\000s\000\040\000A\000n\000d\000\040\000R\000e\000l\000a\000t\000e\000d\000\040\000S\000y\000m\000b\000o\000l\000\040\000D\000o\000c\000u\000m\000e\000n\000t\000a\000t\000i\000o\000n}{section.3.7}% 99
\BOOKMARK [3][-]{subsubsection.3.7.4.1}{\376\377\0003\000.\0007\000.\0004\000.\0001\000\040\000G\000r\000a\000p\000h\000<\000\040\000T\000\040\000>}{subsection.3.7.4}% 100
\BOOKMARK [0][-]{chapter.4}{\376\377\0004\000\040\000F\000i\000l\000e\000\040\000D\000o\000c\000u\000m\000e\000n\000t\000a\000t\000i\000o\000n}{}% 101
\BOOKMARK [1][-]{section.4.1}{\376\377\0004\000.\0001\000\040\000s\000r\000c\000/\000c\000l\000a\000s\000s\000e\000s\000/\000A\000i\000r\000l\000i\000n\000e\000.\000c\000p\000p\000\040\000F\000i\000l\000e\000\040\000R\000e\000f\000e\000r\000e\000n\000c\000e}{chapter.4}% 102
\BOOKMARK [1][-]{section.4.2}{\376\377\0004\000.\0002\000\040\000A\000i\000r\000l\000i\000n\000e\000.\000c\000p\000p}{chapter.4}% 103
\BOOKMARK [1][-]{section.4.3}{\376\377\0004\000.\0003\000\040\000s\000r\000c\000/\000c\000l\000a\000s\000s\000e\000s\000/\000A\000i\000r\000l\000i\000n\000e\000.\000h\000\040\000F\000i\000l\000e\000\040\000R\000e\000f\000e\000r\000e\000n\000c\000e}{chapter.4}% 104
\BOOKMARK [1][-]{section.4.4}{\376\377\0004\000.\0004\000\040\000A\000i\000r\000l\000i\000n\000e\000.\000h}{chapter.4}% 105
\BOOKMARK [1][-]{section.4.5}{\376\377\0004\000.\0005\000\040\000s\000r\000c\000/\000c\000l\000a\000s\000s\000e\000s\000/\000A\000i\000r\000p\000o\000r\000t\000.\000c\000p\000p\000\040\000F\000i\000l\000e\000\040\000R\000e\000f\000e\000r\000e\000n\000c\000e}{chapter.4}% 106
\BOOKMARK [2][-]{subsection.4.5.1}{\376\377\0004\000.\0005\000.\0001\000\040\000F\000u\000n\000c\000t\000i\000o\000n\000\040\000D\000o\000c\000u\000m\000e\000n\000t\000a\000t\000i\000o\000n}{section.4.5}% 107
\BOOKMARK [3][-]{subsubsection.4.5.1.1}{\376\377\0004\000.\0005\000.\0001\000.\0001\000\040\000c\000o\000m\000p\000a\000r\000a\000t\000o\000r\000\050\000\051}{subsection.4.5.1}% 108
\BOOKMARK [1][-]{section.4.6}{\376\377\0004\000.\0006\000\040\000A\000i\000r\000p\000o\000r\000t\000.\000c\000p\000p}{chapter.4}% 109
\BOOKMARK [1][-]{section.4.7}{\376\377\0004\000.\0007\000\040\000s\000r\000c\000/\000c\000l\000a\000s\000s\000e\000s\000/\000A\000i\000r\000p\000o\000r\000t\000.\000h\000\040\000F\000i\000l\000e\000\040\000R\000e\000f\000e\000r\000e\000n\000c\000e}{chapter.4}% 110
\BOOKMARK [2][-]{subsection.4.7.1}{\376\377\0004\000.\0007\000.\0001\000\040\000F\000u\000n\000c\000t\000i\000o\000n\000\040\000D\000o\000c\000u\000m\000e\000n\000t\000a\000t\000i\000o\000n}{section.4.7}% 111
\BOOKMARK [3][-]{subsubsection.4.7.1.1}{\376\377\0004\000.\0007\000.\0001\000.\0001\000\040\000c\000o\000m\000p\000a\000r\000a\000t\000o\000r\000\050\000\051}{subsection.4.7.1}% 112
\BOOKMARK [1][-]{section.4.8}{\376\377\0004\000.\0008\000\040\000A\000i\000r\000p\000o\000r\000t\000.\000h}{chapter.4}% 113
\BOOKMARK [1][-]{section.4.9}{\376\377\0004\000.\0009\000\040\000s\000r\000c\000/\000c\000l\000a\000s\000s\000e\000s\000/\000G\000r\000a\000p\000h\000.\000h\000\040\000F\000i\000l\000e\000\040\000R\000e\000f\000e\000r\000e\000n\000c\000e}{chapter.4}% 114
\BOOKMARK [1][-]{section.4.10}{\376\377\0004\000.\0001\0000\000\040\000G\000r\000a\000p\000h\000.\000h}{chapter.4}% 115
\BOOKMARK [1][-]{section.4.11}{\376\377\0004\000.\0001\0001\000\040\000s\000r\000c\000/\000d\000a\000t\000a\000b\000a\000s\000e\000/\000d\000b\000a\000i\000r\000p\000o\000r\000t\000.\000c\000p\000p\000\040\000F\000i\000l\000e\000\040\000R\000e\000f\000e\000r\000e\000n\000c\000e}{chapter.4}% 116
\BOOKMARK [2][-]{subsection.4.11.1}{\376\377\0004\000.\0001\0001\000.\0001\000\040\000F\000u\000n\000c\000t\000i\000o\000n\000\040\000D\000o\000c\000u\000m\000e\000n\000t\000a\000t\000i\000o\000n}{section.4.11}% 117
\BOOKMARK [3][-]{subsubsection.4.11.1.1}{\376\377\0004\000.\0001\0001\000.\0001\000.\0001\000\040\000b\000f\000s\000P\000a\000t\000h\000\050\000\051}{subsection.4.11.1}% 118
\BOOKMARK [3][-]{subsubsection.4.11.1.2}{\376\377\0004\000.\0001\0001\000.\0001\000.\0002\000\040\000c\000a\000l\000c\000u\000l\000a\000t\000e\000I\000n\000d\000e\000g\000r\000e\000e\000\050\000\051}{subsection.4.11.1}% 119
\BOOKMARK [3][-]{subsubsection.4.11.1.3}{\376\377\0004\000.\0001\0001\000.\0001\000.\0003\000\040\000c\000o\000m\000p\000a\000r\000a\000t\000o\000r\000P\000a\000t\000h\000\050\000\051}{subsection.4.11.1}% 120
\BOOKMARK [3][-]{subsubsection.4.11.1.4}{\376\377\0004\000.\0001\0001\000.\0001\000.\0004\000\040\000c\000o\000n\000n\000e\000c\000t\000e\000d\000C\000o\000m\000p\000o\000n\000e\000n\000t\000s\000\050\000\051}{subsection.4.11.1}% 121
\BOOKMARK [3][-]{subsubsection.4.11.1.5}{\376\377\0004\000.\0001\0001\000.\0001\000.\0005\000\040\000d\000f\000s\000A\000r\000t\000c\000\050\000\051}{subsection.4.11.1}% 122
\BOOKMARK [3][-]{subsubsection.4.11.1.6}{\376\377\0004\000.\0001\0001\000.\0001\000.\0006\000\040\000d\000f\000s\000C\000o\000n\000n\000e\000c\000t\000e\000d\000C\000o\000m\000p\000o\000n\000e\000n\000t\000s\000\050\000\051}{subsection.4.11.1}% 123
\BOOKMARK [3][-]{subsubsection.4.11.1.7}{\376\377\0004\000.\0001\0001\000.\0001\000.\0007\000\040\000d\000f\000s\000M\000a\000x\000\050\000\051}{subsection.4.11.1}% 124
\BOOKMARK [3][-]{subsubsection.4.11.1.8}{\376\377\0004\000.\0001\0001\000.\0001\000.\0008\000\040\000d\000f\000s\000V\000i\000s\000i\000t\000\050\000\051\000\040\000[\0001\000/\0002\000]}{subsection.4.11.1}% 125
\BOOKMARK [3][-]{subsubsection.4.11.1.9}{\376\377\0004\000.\0001\0001\000.\0001\000.\0009\000\040\000d\000f\000s\000V\000i\000s\000i\000t\000\050\000\051\000\040\000[\0002\000/\0002\000]}{subsection.4.11.1}% 126
\BOOKMARK [3][-]{subsubsection.4.11.1.10}{\376\377\0004\000.\0001\0001\000.\0001\000.\0001\0000\000\040\000d\000i\000s\000t\000a\000n\000c\000e\000E\000a\000r\000t\000h\000\050\000\051}{subsection.4.11.1}% 127
\BOOKMARK [3][-]{subsubsection.4.11.1.11}{\376\377\0004\000.\0001\0001\000.\0001\000.\0001\0001\000\040\000f\000i\000n\000d\000A\000i\000r\000p\000o\000r\000t\000s\000\050\000\051\000\040\000[\0001\000/\0002\000]}{subsection.4.11.1}% 128
\BOOKMARK [3][-]{subsubsection.4.11.1.12}{\376\377\0004\000.\0001\0001\000.\0001\000.\0001\0002\000\040\000f\000i\000n\000d\000A\000i\000r\000p\000o\000r\000t\000s\000\050\000\051\000\040\000[\0002\000/\0002\000]}{subsection.4.11.1}% 129
\BOOKMARK [3][-]{subsubsection.4.11.1.13}{\376\377\0004\000.\0001\0001\000.\0001\000.\0001\0003\000\040\000f\000i\000n\000d\000A\000r\000t\000i\000c\000u\000l\000a\000t\000i\000o\000n\000P\000o\000i\000n\000t\000s\000\050\000\051}{subsection.4.11.1}% 130
\BOOKMARK [3][-]{subsubsection.4.11.1.14}{\376\377\0004\000.\0001\0001\000.\0001\000.\0001\0004\000\040\000f\000i\000n\000d\000B\000e\000s\000t\000F\000l\000i\000g\000h\000t\000s\000\050\000\051\000\040\000[\0001\000/\0006\000]}{subsection.4.11.1}% 131
\BOOKMARK [3][-]{subsubsection.4.11.1.15}{\376\377\0004\000.\0001\0001\000.\0001\000.\0001\0005\000\040\000f\000i\000n\000d\000B\000e\000s\000t\000F\000l\000i\000g\000h\000t\000s\000\050\000\051\000\040\000[\0002\000/\0006\000]}{subsection.4.11.1}% 132
\BOOKMARK [3][-]{subsubsection.4.11.1.16}{\376\377\0004\000.\0001\0001\000.\0001\000.\0001\0006\000\040\000f\000i\000n\000d\000B\000e\000s\000t\000F\000l\000i\000g\000h\000t\000s\000\050\000\051\000\040\000[\0003\000/\0006\000]}{subsection.4.11.1}% 133
\BOOKMARK [3][-]{subsubsection.4.11.1.17}{\376\377\0004\000.\0001\0001\000.\0001\000.\0001\0007\000\040\000f\000i\000n\000d\000B\000e\000s\000t\000F\000l\000i\000g\000h\000t\000s\000\050\000\051\000\040\000[\0004\000/\0006\000]}{subsection.4.11.1}% 134
\BOOKMARK [3][-]{subsubsection.4.11.1.18}{\376\377\0004\000.\0001\0001\000.\0001\000.\0001\0008\000\040\000f\000i\000n\000d\000B\000e\000s\000t\000F\000l\000i\000g\000h\000t\000s\000\050\000\051\000\040\000[\0005\000/\0006\000]}{subsection.4.11.1}% 135
\BOOKMARK [3][-]{subsubsection.4.11.1.19}{\376\377\0004\000.\0001\0001\000.\0001\000.\0001\0009\000\040\000f\000i\000n\000d\000B\000e\000s\000t\000F\000l\000i\000g\000h\000t\000s\000\050\000\051\000\040\000[\0006\000/\0006\000]}{subsection.4.11.1}% 136
\BOOKMARK [3][-]{subsubsection.4.11.1.20}{\376\377\0004\000.\0001\0001\000.\0001\000.\0002\0000\000\040\000g\000e\000t\000P\000a\000t\000h\000\050\000\051}{subsection.4.11.1}% 137
\BOOKMARK [3][-]{subsubsection.4.11.1.21}{\376\377\0004\000.\0001\0001\000.\0001\000.\0002\0001\000\040\000q\000u\000a\000n\000t\000i\000t\000y\000A\000i\000r\000l\000i\000n\000e\000s\000C\000o\000u\000n\000t\000r\000y\000\050\000\051}{subsection.4.11.1}% 138
\BOOKMARK [3][-]{subsubsection.4.11.1.22}{\376\377\0004\000.\0001\0001\000.\0001\000.\0002\0002\000\040\000q\000u\000a\000n\000t\000i\000t\000y\000A\000i\000r\000p\000o\000r\000t\000s\000\050\000\051}{subsection.4.11.1}% 139
\BOOKMARK [3][-]{subsubsection.4.11.1.23}{\376\377\0004\000.\0001\0001\000.\0001\000.\0002\0003\000\040\000q\000u\000a\000n\000t\000i\000t\000y\000A\000i\000r\000p\000o\000r\000t\000s\000C\000i\000t\000y\000\050\000\051}{subsection.4.11.1}% 140
\BOOKMARK [3][-]{subsubsection.4.11.1.24}{\376\377\0004\000.\0001\0001\000.\0001\000.\0002\0004\000\040\000q\000u\000a\000n\000t\000i\000t\000y\000A\000i\000r\000p\000o\000r\000t\000s\000C\000o\000u\000n\000t\000r\000y\000\050\000\051}{subsection.4.11.1}% 141
\BOOKMARK [3][-]{subsubsection.4.11.1.25}{\376\377\0004\000.\0001\0001\000.\0001\000.\0002\0005\000\040\000q\000u\000a\000n\000t\000i\000t\000y\000C\000i\000t\000i\000e\000s\000C\000o\000u\000n\000t\000r\000y\000\050\000\051}{subsection.4.11.1}% 142
\BOOKMARK [3][-]{subsubsection.4.11.1.26}{\376\377\0004\000.\0001\0001\000.\0001\000.\0002\0006\000\040\000q\000u\000a\000n\000t\000i\000t\000y\000D\000e\000s\000t\000i\000n\000a\000t\000i\000o\000n\000L\000i\000m\000i\000t\000e\000d\000S\000t\000o\000p\000\050\000\051}{subsection.4.11.1}% 143
\BOOKMARK [3][-]{subsubsection.4.11.1.27}{\376\377\0004\000.\0001\0001\000.\0001\000.\0002\0007\000\040\000q\000u\000a\000n\000t\000i\000t\000y\000D\000e\000s\000t\000i\000n\000a\000t\000i\000o\000n\000M\000a\000x\000\050\000\051}{subsection.4.11.1}% 144
\BOOKMARK [3][-]{subsubsection.4.11.1.28}{\376\377\0004\000.\0001\0001\000.\0001\000.\0002\0008\000\040\000q\000u\000a\000n\000t\000i\000t\000y\000D\000e\000s\000t\000i\000n\000a\000t\000i\000o\000n\000s\000A\000i\000r\000p\000o\000r\000t\000\050\000\051}{subsection.4.11.1}% 145
\BOOKMARK [3][-]{subsubsection.4.11.1.29}{\376\377\0004\000.\0001\0001\000.\0001\000.\0002\0009\000\040\000q\000u\000a\000n\000t\000i\000t\000y\000F\000l\000i\000g\000h\000t\000s\000\050\000\051\000\040\000[\0001\000/\0002\000]}{subsection.4.11.1}% 146
\BOOKMARK [3][-]{subsubsection.4.11.1.30}{\376\377\0004\000.\0001\0001\000.\0001\000.\0003\0000\000\040\000q\000u\000a\000n\000t\000i\000t\000y\000F\000l\000i\000g\000h\000t\000s\000\050\000\051\000\040\000[\0002\000/\0002\000]}{subsection.4.11.1}% 147
\BOOKMARK [3][-]{subsubsection.4.11.1.31}{\376\377\0004\000.\0001\0001\000.\0001\000.\0003\0001\000\040\000q\000u\000a\000n\000t\000i\000t\000y\000F\000l\000i\000g\000h\000t\000s\000A\000i\000r\000l\000i\000n\000e\000\050\000\051}{subsection.4.11.1}% 148
\BOOKMARK [3][-]{subsubsection.4.11.1.32}{\376\377\0004\000.\0001\0001\000.\0001\000.\0003\0002\000\040\000q\000u\000a\000n\000t\000i\000t\000y\000F\000l\000i\000g\000h\000t\000s\000A\000i\000r\000p\000o\000r\000t\000\050\000\051}{subsection.4.11.1}% 149
\BOOKMARK [3][-]{subsubsection.4.11.1.33}{\376\377\0004\000.\0001\0001\000.\0001\000.\0003\0003\000\040\000q\000u\000a\000n\000t\000i\000t\000y\000F\000l\000i\000g\000h\000t\000s\000C\000i\000t\000y\000\050\000\051}{subsection.4.11.1}% 150
\BOOKMARK [3][-]{subsubsection.4.11.1.34}{\376\377\0004\000.\0001\0001\000.\0001\000.\0003\0004\000\040\000q\000u\000a\000n\000t\000i\000t\000y\000F\000l\000i\000g\000h\000t\000s\000C\000o\000u\000n\000t\000r\000y\000\050\000\051}{subsection.4.11.1}% 151
\BOOKMARK [3][-]{subsubsection.4.11.1.35}{\376\377\0004\000.\0001\0001\000.\0001\000.\0003\0005\000\040\000r\000a\000n\000k\000i\000n\000g\000A\000i\000r\000p\000o\000r\000t\000s\000\050\000\051}{subsection.4.11.1}% 152
\BOOKMARK [3][-]{subsubsection.4.11.1.36}{\376\377\0004\000.\0001\0001\000.\0001\000.\0003\0006\000\040\000r\000e\000s\000e\000t\000V\000i\000s\000i\000t\000e\000d\000\050\000\051}{subsection.4.11.1}% 153
\BOOKMARK [3][-]{subsubsection.4.11.1.37}{\376\377\0004\000.\0001\0001\000.\0001\000.\0003\0007\000\040\000s\000h\000o\000w\000P\000a\000t\000h\000\050\000\051\000\040\000[\0001\000/\0002\000]}{subsection.4.11.1}% 154
\BOOKMARK [3][-]{subsubsection.4.11.1.38}{\376\377\0004\000.\0001\0001\000.\0001\000.\0003\0008\000\040\000s\000h\000o\000w\000P\000a\000t\000h\000\050\000\051\000\040\000[\0002\000/\0002\000]}{subsection.4.11.1}% 155
\BOOKMARK [3][-]{subsubsection.4.11.1.39}{\376\377\0004\000.\0001\0001\000.\0001\000.\0003\0009\000\040\000t\000o\000R\000a\000d\000i\000a\000n\000s\000\050\000\051}{subsection.4.11.1}% 156
\BOOKMARK [1][-]{section.4.12}{\376\377\0004\000.\0001\0002\000\040\000d\000b\000a\000i\000r\000p\000o\000r\000t\000.\000c\000p\000p}{chapter.4}% 157
\BOOKMARK [1][-]{section.4.13}{\376\377\0004\000.\0001\0003\000\040\000s\000r\000c\000/\000d\000a\000t\000a\000b\000a\000s\000e\000/\000d\000b\000a\000i\000r\000p\000o\000r\000t\000.\000h\000\040\000F\000i\000l\000e\000\040\000R\000e\000f\000e\000r\000e\000n\000c\000e}{chapter.4}% 158
\BOOKMARK [2][-]{subsection.4.13.1}{\376\377\0004\000.\0001\0003\000.\0001\000\040\000F\000u\000n\000c\000t\000i\000o\000n\000\040\000D\000o\000c\000u\000m\000e\000n\000t\000a\000t\000i\000o\000n}{section.4.13}% 159
\BOOKMARK [3][-]{subsubsection.4.13.1.1}{\376\377\0004\000.\0001\0003\000.\0001\000.\0001\000\040\000b\000f\000s\000P\000a\000t\000h\000\050\000\051}{subsection.4.13.1}% 160
\BOOKMARK [3][-]{subsubsection.4.13.1.2}{\376\377\0004\000.\0001\0003\000.\0001\000.\0002\000\040\000c\000a\000l\000c\000u\000l\000a\000t\000e\000I\000n\000d\000e\000g\000r\000e\000e\000\050\000\051}{subsection.4.13.1}% 161
\BOOKMARK [3][-]{subsubsection.4.13.1.3}{\376\377\0004\000.\0001\0003\000.\0001\000.\0003\000\040\000c\000o\000m\000p\000a\000r\000a\000t\000o\000r\000P\000a\000t\000h\000\050\000\051}{subsection.4.13.1}% 162
\BOOKMARK [3][-]{subsubsection.4.13.1.4}{\376\377\0004\000.\0001\0003\000.\0001\000.\0004\000\040\000c\000o\000n\000n\000e\000c\000t\000e\000d\000C\000o\000m\000p\000o\000n\000e\000n\000t\000s\000\050\000\051}{subsection.4.13.1}% 163
\BOOKMARK [3][-]{subsubsection.4.13.1.5}{\376\377\0004\000.\0001\0003\000.\0001\000.\0005\000\040\000d\000f\000s\000A\000r\000t\000c\000\050\000\051}{subsection.4.13.1}% 164
\BOOKMARK [3][-]{subsubsection.4.13.1.6}{\376\377\0004\000.\0001\0003\000.\0001\000.\0006\000\040\000d\000f\000s\000C\000o\000n\000n\000e\000c\000t\000e\000d\000C\000o\000m\000p\000o\000n\000e\000n\000t\000s\000\050\000\051}{subsection.4.13.1}% 165
\BOOKMARK [3][-]{subsubsection.4.13.1.7}{\376\377\0004\000.\0001\0003\000.\0001\000.\0007\000\040\000d\000f\000s\000M\000a\000x\000\050\000\051}{subsection.4.13.1}% 166
\BOOKMARK [3][-]{subsubsection.4.13.1.8}{\376\377\0004\000.\0001\0003\000.\0001\000.\0008\000\040\000d\000f\000s\000V\000i\000s\000i\000t\000\050\000\051\000\040\000[\0001\000/\0002\000]}{subsection.4.13.1}% 167
\BOOKMARK [3][-]{subsubsection.4.13.1.9}{\376\377\0004\000.\0001\0003\000.\0001\000.\0009\000\040\000d\000f\000s\000V\000i\000s\000i\000t\000\050\000\051\000\040\000[\0002\000/\0002\000]}{subsection.4.13.1}% 168
\BOOKMARK [3][-]{subsubsection.4.13.1.10}{\376\377\0004\000.\0001\0003\000.\0001\000.\0001\0000\000\040\000d\000i\000s\000t\000a\000n\000c\000e\000E\000a\000r\000t\000h\000\050\000\051}{subsection.4.13.1}% 169
\BOOKMARK [3][-]{subsubsection.4.13.1.11}{\376\377\0004\000.\0001\0003\000.\0001\000.\0001\0001\000\040\000f\000i\000n\000d\000A\000i\000r\000p\000o\000r\000t\000s\000\050\000\051\000\040\000[\0001\000/\0002\000]}{subsection.4.13.1}% 170
\BOOKMARK [3][-]{subsubsection.4.13.1.12}{\376\377\0004\000.\0001\0003\000.\0001\000.\0001\0002\000\040\000f\000i\000n\000d\000A\000i\000r\000p\000o\000r\000t\000s\000\050\000\051\000\040\000[\0002\000/\0002\000]}{subsection.4.13.1}% 171
\BOOKMARK [3][-]{subsubsection.4.13.1.13}{\376\377\0004\000.\0001\0003\000.\0001\000.\0001\0003\000\040\000f\000i\000n\000d\000A\000r\000t\000i\000c\000u\000l\000a\000t\000i\000o\000n\000P\000o\000i\000n\000t\000s\000\050\000\051}{subsection.4.13.1}% 172
\BOOKMARK [3][-]{subsubsection.4.13.1.14}{\376\377\0004\000.\0001\0003\000.\0001\000.\0001\0004\000\040\000f\000i\000n\000d\000B\000e\000s\000t\000F\000l\000i\000g\000h\000t\000s\000\050\000\051\000\040\000[\0001\000/\0006\000]}{subsection.4.13.1}% 173
\BOOKMARK [3][-]{subsubsection.4.13.1.15}{\376\377\0004\000.\0001\0003\000.\0001\000.\0001\0005\000\040\000f\000i\000n\000d\000B\000e\000s\000t\000F\000l\000i\000g\000h\000t\000s\000\050\000\051\000\040\000[\0002\000/\0006\000]}{subsection.4.13.1}% 174
\BOOKMARK [3][-]{subsubsection.4.13.1.16}{\376\377\0004\000.\0001\0003\000.\0001\000.\0001\0006\000\040\000f\000i\000n\000d\000B\000e\000s\000t\000F\000l\000i\000g\000h\000t\000s\000\050\000\051\000\040\000[\0003\000/\0006\000]}{subsection.4.13.1}% 175
\BOOKMARK [3][-]{subsubsection.4.13.1.17}{\376\377\0004\000.\0001\0003\000.\0001\000.\0001\0007\000\040\000f\000i\000n\000d\000B\000e\000s\000t\000F\000l\000i\000g\000h\000t\000s\000\050\000\051\000\040\000[\0004\000/\0006\000]}{subsection.4.13.1}% 176
\BOOKMARK [3][-]{subsubsection.4.13.1.18}{\376\377\0004\000.\0001\0003\000.\0001\000.\0001\0008\000\040\000f\000i\000n\000d\000B\000e\000s\000t\000F\000l\000i\000g\000h\000t\000s\000\050\000\051\000\040\000[\0005\000/\0006\000]}{subsection.4.13.1}% 177
\BOOKMARK [3][-]{subsubsection.4.13.1.19}{\376\377\0004\000.\0001\0003\000.\0001\000.\0001\0009\000\040\000f\000i\000n\000d\000B\000e\000s\000t\000F\000l\000i\000g\000h\000t\000s\000\050\000\051\000\040\000[\0006\000/\0006\000]}{subsection.4.13.1}% 178
\BOOKMARK [3][-]{subsubsection.4.13.1.20}{\376\377\0004\000.\0001\0003\000.\0001\000.\0002\0000\000\040\000g\000e\000t\000P\000a\000t\000h\000\050\000\051}{subsection.4.13.1}% 179
\BOOKMARK [3][-]{subsubsection.4.13.1.21}{\376\377\0004\000.\0001\0003\000.\0001\000.\0002\0001\000\040\000q\000u\000a\000n\000t\000i\000t\000y\000A\000i\000r\000l\000i\000n\000e\000s\000C\000o\000u\000n\000t\000r\000y\000\050\000\051}{subsection.4.13.1}% 180
\BOOKMARK [3][-]{subsubsection.4.13.1.22}{\376\377\0004\000.\0001\0003\000.\0001\000.\0002\0002\000\040\000q\000u\000a\000n\000t\000i\000t\000y\000A\000i\000r\000p\000o\000r\000t\000s\000\050\000\051}{subsection.4.13.1}% 181
\BOOKMARK [3][-]{subsubsection.4.13.1.23}{\376\377\0004\000.\0001\0003\000.\0001\000.\0002\0003\000\040\000q\000u\000a\000n\000t\000i\000t\000y\000A\000i\000r\000p\000o\000r\000t\000s\000C\000i\000t\000y\000\050\000\051}{subsection.4.13.1}% 182
\BOOKMARK [3][-]{subsubsection.4.13.1.24}{\376\377\0004\000.\0001\0003\000.\0001\000.\0002\0004\000\040\000q\000u\000a\000n\000t\000i\000t\000y\000A\000i\000r\000p\000o\000r\000t\000s\000C\000o\000u\000n\000t\000r\000y\000\050\000\051}{subsection.4.13.1}% 183
\BOOKMARK [3][-]{subsubsection.4.13.1.25}{\376\377\0004\000.\0001\0003\000.\0001\000.\0002\0005\000\040\000q\000u\000a\000n\000t\000i\000t\000y\000C\000i\000t\000i\000e\000s\000C\000o\000u\000n\000t\000r\000y\000\050\000\051}{subsection.4.13.1}% 184
\BOOKMARK [3][-]{subsubsection.4.13.1.26}{\376\377\0004\000.\0001\0003\000.\0001\000.\0002\0006\000\040\000q\000u\000a\000n\000t\000i\000t\000y\000D\000e\000s\000t\000i\000n\000a\000t\000i\000o\000n\000L\000i\000m\000i\000t\000e\000d\000S\000t\000o\000p\000\050\000\051}{subsection.4.13.1}% 185
\BOOKMARK [3][-]{subsubsection.4.13.1.27}{\376\377\0004\000.\0001\0003\000.\0001\000.\0002\0007\000\040\000q\000u\000a\000n\000t\000i\000t\000y\000D\000e\000s\000t\000i\000n\000a\000t\000i\000o\000n\000M\000a\000x\000\050\000\051}{subsection.4.13.1}% 186
\BOOKMARK [3][-]{subsubsection.4.13.1.28}{\376\377\0004\000.\0001\0003\000.\0001\000.\0002\0008\000\040\000q\000u\000a\000n\000t\000i\000t\000y\000D\000e\000s\000t\000i\000n\000a\000t\000i\000o\000n\000s\000A\000i\000r\000p\000o\000r\000t\000\050\000\051}{subsection.4.13.1}% 187
\BOOKMARK [3][-]{subsubsection.4.13.1.29}{\376\377\0004\000.\0001\0003\000.\0001\000.\0002\0009\000\040\000q\000u\000a\000n\000t\000i\000t\000y\000F\000l\000i\000g\000h\000t\000s\000\050\000\051\000\040\000[\0001\000/\0002\000]}{subsection.4.13.1}% 188
\BOOKMARK [3][-]{subsubsection.4.13.1.30}{\376\377\0004\000.\0001\0003\000.\0001\000.\0003\0000\000\040\000q\000u\000a\000n\000t\000i\000t\000y\000F\000l\000i\000g\000h\000t\000s\000\050\000\051\000\040\000[\0002\000/\0002\000]}{subsection.4.13.1}% 189
\BOOKMARK [3][-]{subsubsection.4.13.1.31}{\376\377\0004\000.\0001\0003\000.\0001\000.\0003\0001\000\040\000q\000u\000a\000n\000t\000i\000t\000y\000F\000l\000i\000g\000h\000t\000s\000A\000i\000r\000l\000i\000n\000e\000\050\000\051}{subsection.4.13.1}% 190
\BOOKMARK [3][-]{subsubsection.4.13.1.32}{\376\377\0004\000.\0001\0003\000.\0001\000.\0003\0002\000\040\000q\000u\000a\000n\000t\000i\000t\000y\000F\000l\000i\000g\000h\000t\000s\000A\000i\000r\000p\000o\000r\000t\000\050\000\051}{subsection.4.13.1}% 191
\BOOKMARK [3][-]{subsubsection.4.13.1.33}{\376\377\0004\000.\0001\0003\000.\0001\000.\0003\0003\000\040\000q\000u\000a\000n\000t\000i\000t\000y\000F\000l\000i\000g\000h\000t\000s\000C\000i\000t\000y\000\050\000\051}{subsection.4.13.1}% 192
\BOOKMARK [3][-]{subsubsection.4.13.1.34}{\376\377\0004\000.\0001\0003\000.\0001\000.\0003\0004\000\040\000q\000u\000a\000n\000t\000i\000t\000y\000F\000l\000i\000g\000h\000t\000s\000C\000o\000u\000n\000t\000r\000y\000\050\000\051}{subsection.4.13.1}% 193
\BOOKMARK [3][-]{subsubsection.4.13.1.35}{\376\377\0004\000.\0001\0003\000.\0001\000.\0003\0005\000\040\000r\000a\000n\000k\000i\000n\000g\000A\000i\000r\000p\000o\000r\000t\000s\000\050\000\051}{subsection.4.13.1}% 194
\BOOKMARK [3][-]{subsubsection.4.13.1.36}{\376\377\0004\000.\0001\0003\000.\0001\000.\0003\0006\000\040\000r\000e\000s\000e\000t\000V\000i\000s\000i\000t\000e\000d\000\050\000\051}{subsection.4.13.1}% 195
\BOOKMARK [3][-]{subsubsection.4.13.1.37}{\376\377\0004\000.\0001\0003\000.\0001\000.\0003\0007\000\040\000s\000h\000o\000w\000P\000a\000t\000h\000\050\000\051\000\040\000[\0001\000/\0002\000]}{subsection.4.13.1}% 196
\BOOKMARK [3][-]{subsubsection.4.13.1.38}{\376\377\0004\000.\0001\0003\000.\0001\000.\0003\0008\000\040\000s\000h\000o\000w\000P\000a\000t\000h\000\050\000\051\000\040\000[\0002\000/\0002\000]}{subsection.4.13.1}% 197
\BOOKMARK [3][-]{subsubsection.4.13.1.39}{\376\377\0004\000.\0001\0003\000.\0001\000.\0003\0009\000\040\000t\000o\000R\000a\000d\000i\000a\000n\000s\000\050\000\051}{subsection.4.13.1}% 198
\BOOKMARK [1][-]{section.4.14}{\376\377\0004\000.\0001\0004\000\040\000d\000b\000a\000i\000r\000p\000o\000r\000t\000.\000h}{chapter.4}% 199
\BOOKMARK [1][-]{section.4.15}{\376\377\0004\000.\0001\0005\000\040\000s\000r\000c\000/\000d\000a\000t\000a\000b\000a\000s\000e\000/\000r\000e\000a\000d\000.\000c\000p\000p\000\040\000F\000i\000l\000e\000\040\000R\000e\000f\000e\000r\000e\000n\000c\000e}{chapter.4}% 200
\BOOKMARK [2][-]{subsection.4.15.1}{\376\377\0004\000.\0001\0005\000.\0001\000\040\000F\000u\000n\000c\000t\000i\000o\000n\000\040\000D\000o\000c\000u\000m\000e\000n\000t\000a\000t\000i\000o\000n}{section.4.15}% 201
\BOOKMARK [3][-]{subsubsection.4.15.1.1}{\376\377\0004\000.\0001\0005\000.\0001\000.\0001\000\040\000r\000e\000a\000d\000A\000i\000r\000l\000i\000n\000e\000s\000\050\000\051}{subsection.4.15.1}% 202
\BOOKMARK [3][-]{subsubsection.4.15.1.2}{\376\377\0004\000.\0001\0005\000.\0001\000.\0002\000\040\000r\000e\000a\000d\000A\000i\000r\000p\000o\000r\000t\000s\000\050\000\051}{subsection.4.15.1}% 203
\BOOKMARK [3][-]{subsubsection.4.15.1.3}{\376\377\0004\000.\0001\0005\000.\0001\000.\0003\000\040\000r\000e\000a\000d\000F\000l\000i\000g\000h\000t\000s\000\050\000\051}{subsection.4.15.1}% 204
\BOOKMARK [2][-]{subsection.4.15.2}{\376\377\0004\000.\0001\0005\000.\0002\000\040\000V\000a\000r\000i\000a\000b\000l\000e\000\040\000D\000o\000c\000u\000m\000e\000n\000t\000a\000t\000i\000o\000n}{section.4.15}% 205
\BOOKMARK [3][-]{subsubsection.4.15.2.1}{\376\377\0004\000.\0001\0005\000.\0002\000.\0001\000\040\000a\000i\000r\000p\000o\000r\000t\000s\000H\000a\000s\000h}{subsection.4.15.2}% 206
\BOOKMARK [3][-]{subsubsection.4.15.2.2}{\376\377\0004\000.\0001\0005\000.\0002\000.\0002\000\040\000c\000i\000t\000i\000e\000s\000H\000a\000s\000h}{subsection.4.15.2}% 207
\BOOKMARK [3][-]{subsubsection.4.15.2.3}{\376\377\0004\000.\0001\0005\000.\0002\000.\0003\000\040\000c\000o\000u\000n\000t\000r\000i\000e\000s\000H\000a\000s\000h}{subsection.4.15.2}% 208
\BOOKMARK [1][-]{section.4.16}{\376\377\0004\000.\0001\0006\000\040\000r\000e\000a\000d\000.\000c\000p\000p}{chapter.4}% 209
\BOOKMARK [1][-]{section.4.17}{\376\377\0004\000.\0001\0007\000\040\000s\000r\000c\000/\000d\000a\000t\000a\000b\000a\000s\000e\000/\000r\000e\000a\000d\000.\000h\000\040\000F\000i\000l\000e\000\040\000R\000e\000f\000e\000r\000e\000n\000c\000e}{chapter.4}% 210
\BOOKMARK [2][-]{subsection.4.17.1}{\376\377\0004\000.\0001\0007\000.\0001\000\040\000F\000u\000n\000c\000t\000i\000o\000n\000\040\000D\000o\000c\000u\000m\000e\000n\000t\000a\000t\000i\000o\000n}{section.4.17}% 211
\BOOKMARK [3][-]{subsubsection.4.17.1.1}{\376\377\0004\000.\0001\0007\000.\0001\000.\0001\000\040\000r\000e\000a\000d\000A\000i\000r\000l\000i\000n\000e\000s\000\050\000\051}{subsection.4.17.1}% 212
\BOOKMARK [3][-]{subsubsection.4.17.1.2}{\376\377\0004\000.\0001\0007\000.\0001\000.\0002\000\040\000r\000e\000a\000d\000A\000i\000r\000p\000o\000r\000t\000s\000\050\000\051}{subsection.4.17.1}% 213
\BOOKMARK [3][-]{subsubsection.4.17.1.3}{\376\377\0004\000.\0001\0007\000.\0001\000.\0003\000\040\000r\000e\000a\000d\000F\000l\000i\000g\000h\000t\000s\000\050\000\051}{subsection.4.17.1}% 214
\BOOKMARK [2][-]{subsection.4.17.2}{\376\377\0004\000.\0001\0007\000.\0002\000\040\000V\000a\000r\000i\000a\000b\000l\000e\000\040\000D\000o\000c\000u\000m\000e\000n\000t\000a\000t\000i\000o\000n}{section.4.17}% 215
\BOOKMARK [3][-]{subsubsection.4.17.2.1}{\376\377\0004\000.\0001\0007\000.\0002\000.\0001\000\040\000a\000i\000r\000p\000o\000r\000t\000s\000H\000a\000s\000h}{subsection.4.17.2}% 216
\BOOKMARK [3][-]{subsubsection.4.17.2.2}{\376\377\0004\000.\0001\0007\000.\0002\000.\0002\000\040\000c\000i\000t\000i\000e\000s\000H\000a\000s\000h}{subsection.4.17.2}% 217
\BOOKMARK [3][-]{subsubsection.4.17.2.3}{\376\377\0004\000.\0001\0007\000.\0002\000.\0003\000\040\000c\000o\000u\000n\000t\000r\000i\000e\000s\000H\000a\000s\000h}{subsection.4.17.2}% 218
\BOOKMARK [1][-]{section.4.18}{\376\377\0004\000.\0001\0008\000\040\000r\000e\000a\000d\000.\000h}{chapter.4}% 219
\BOOKMARK [1][-]{section.4.19}{\376\377\0004\000.\0001\0009\000\040\000s\000r\000c\000/\000m\000a\000i\000n\000.\000c\000p\000p\000\040\000F\000i\000l\000e\000\040\000R\000e\000f\000e\000r\000e\000n\000c\000e}{chapter.4}% 220
\BOOKMARK [2][-]{subsection.4.19.1}{\376\377\0004\000.\0001\0009\000.\0001\000\040\000F\000u\000n\000c\000t\000i\000o\000n\000\040\000D\000o\000c\000u\000m\000e\000n\000t\000a\000t\000i\000o\000n}{section.4.19}% 221
\BOOKMARK [3][-]{subsubsection.4.19.1.1}{\376\377\0004\000.\0001\0009\000.\0001\000.\0001\000\040\000m\000a\000i\000n\000\050\000\051}{subsection.4.19.1}% 222
\BOOKMARK [1][-]{section.4.20}{\376\377\0004\000.\0002\0000\000\040\000m\000a\000i\000n\000.\000c\000p\000p}{chapter.4}% 223
\BOOKMARK [1][-]{section.4.21}{\376\377\0004\000.\0002\0001\000\040\000s\000r\000c\000/\000M\000e\000n\000u\000.\000c\000p\000p\000\040\000F\000i\000l\000e\000\040\000R\000e\000f\000e\000r\000e\000n\000c\000e}{chapter.4}% 224
\BOOKMARK [2][-]{subsection.4.21.1}{\376\377\0004\000.\0002\0001\000.\0001\000\040\000F\000u\000n\000c\000t\000i\000o\000n\000\040\000D\000o\000c\000u\000m\000e\000n\000t\000a\000t\000i\000o\000n}{section.4.21}% 225
\BOOKMARK [3][-]{subsubsection.4.21.1.1}{\376\377\0004\000.\0002\0001\000.\0001\000.\0001\000\040\000b\000e\000s\000t\000F\000l\000i\000g\000h\000t\000s\000\050\000\051}{subsection.4.21.1}% 226
\BOOKMARK [3][-]{subsubsection.4.21.1.2}{\376\377\0004\000.\0002\0001\000.\0001\000.\0002\000\040\000f\000i\000l\000t\000e\000r\000A\000i\000r\000p\000l\000a\000n\000e\000s\000\050\000\051}{subsection.4.21.1}% 227
\BOOKMARK [3][-]{subsubsection.4.21.1.3}{\376\377\0004\000.\0002\0001\000.\0001\000.\0003\000\040\000M\000e\000n\000u\000\050\000\051}{subsection.4.21.1}% 228
\BOOKMARK [3][-]{subsubsection.4.21.1.4}{\376\377\0004\000.\0002\0001\000.\0001\000.\0004\000\040\000m\000e\000n\000u\000A\000i\000r\000l\000i\000n\000e\000s\000\050\000\051}{subsection.4.21.1}% 229
\BOOKMARK [3][-]{subsubsection.4.21.1.5}{\376\377\0004\000.\0002\0001\000.\0001\000.\0005\000\040\000m\000e\000n\000u\000A\000i\000r\000p\000o\000r\000t\000s\000\050\000\051}{subsection.4.21.1}% 230
\BOOKMARK [3][-]{subsubsection.4.21.1.6}{\376\377\0004\000.\0002\0001\000.\0001\000.\0006\000\040\000m\000e\000n\000u\000C\000i\000t\000i\000e\000s\000\050\000\051}{subsection.4.21.1}% 231
\BOOKMARK [3][-]{subsubsection.4.21.1.7}{\376\377\0004\000.\0002\0001\000.\0001\000.\0007\000\040\000m\000e\000n\000u\000C\000o\000u\000n\000t\000r\000i\000e\000s\000\050\000\051}{subsection.4.21.1}% 232
\BOOKMARK [3][-]{subsubsection.4.21.1.8}{\376\377\0004\000.\0002\0001\000.\0001\000.\0008\000\040\000m\000e\000n\000u\000D\000e\000s\000t\000i\000n\000a\000t\000i\000o\000n\000\050\000\051}{subsection.4.21.1}% 233
\BOOKMARK [3][-]{subsubsection.4.21.1.9}{\376\377\0004\000.\0002\0001\000.\0001\000.\0009\000\040\000m\000e\000n\000u\000F\000l\000i\000g\000h\000t\000s\000\050\000\051}{subsection.4.21.1}% 234
\BOOKMARK [3][-]{subsubsection.4.21.1.10}{\376\377\0004\000.\0002\0001\000.\0001\000.\0001\0000\000\040\000m\000e\000n\000u\000L\000i\000s\000t\000i\000n\000g\000\050\000\051}{subsection.4.21.1}% 235
\BOOKMARK [3][-]{subsubsection.4.21.1.11}{\376\377\0004\000.\0002\0001\000.\0001\000.\0001\0001\000\040\000m\000e\000n\000u\000Q\000u\000a\000n\000t\000i\000t\000y\000\050\000\051}{subsection.4.21.1}% 236
\BOOKMARK [3][-]{subsubsection.4.21.1.12}{\376\377\0004\000.\0002\0001\000.\0001\000.\0001\0002\000\040\000s\000e\000l\000e\000c\000t\000T\000y\000p\000e\000\050\000\051}{subsection.4.21.1}% 237
\BOOKMARK [3][-]{subsubsection.4.21.1.13}{\376\377\0004\000.\0002\0001\000.\0001\000.\0001\0003\000\040\000t\000y\000p\000e\000A\000i\000r\000p\000o\000r\000t\000\050\000\051}{subsection.4.21.1}% 238
\BOOKMARK [3][-]{subsubsection.4.21.1.14}{\376\377\0004\000.\0002\0001\000.\0001\000.\0001\0004\000\040\000t\000y\000p\000e\000C\000i\000t\000y\000\050\000\051}{subsection.4.21.1}% 239
\BOOKMARK [3][-]{subsubsection.4.21.1.15}{\376\377\0004\000.\0002\0001\000.\0001\000.\0001\0005\000\040\000t\000y\000p\000e\000C\000o\000o\000r\000d\000i\000n\000a\000t\000e\000s\000\050\000\051}{subsection.4.21.1}% 240
\BOOKMARK [2][-]{subsection.4.21.2}{\376\377\0004\000.\0002\0001\000.\0002\000\040\000V\000a\000r\000i\000a\000b\000l\000e\000\040\000D\000o\000c\000u\000m\000e\000n\000t\000a\000t\000i\000o\000n}{section.4.21}% 241
\BOOKMARK [3][-]{subsubsection.4.21.2.1}{\376\377\0004\000.\0002\0001\000.\0002\000.\0001\000\040\000a\000i\000r\000l\000i\000n\000e\000s}{subsection.4.21.2}% 242
\BOOKMARK [3][-]{subsubsection.4.21.2.2}{\376\377\0004\000.\0002\0001\000.\0002\000.\0002\000\040\000a\000i\000r\000p\000o\000r\000t\000s}{subsection.4.21.2}% 243
\BOOKMARK [1][-]{section.4.22}{\376\377\0004\000.\0002\0002\000\040\000M\000e\000n\000u\000.\000c\000p\000p}{chapter.4}% 244
\BOOKMARK [1][-]{section.4.23}{\376\377\0004\000.\0002\0003\000\040\000s\000r\000c\000/\000M\000e\000n\000u\000.\000h\000\040\000F\000i\000l\000e\000\040\000R\000e\000f\000e\000r\000e\000n\000c\000e}{chapter.4}% 245
\BOOKMARK [2][-]{subsection.4.23.1}{\376\377\0004\000.\0002\0003\000.\0001\000\040\000F\000u\000n\000c\000t\000i\000o\000n\000\040\000D\000o\000c\000u\000m\000e\000n\000t\000a\000t\000i\000o\000n}{section.4.23}% 246
\BOOKMARK [3][-]{subsubsection.4.23.1.1}{\376\377\0004\000.\0002\0003\000.\0001\000.\0001\000\040\000b\000e\000s\000t\000F\000l\000i\000g\000h\000t\000s\000\050\000\051}{subsection.4.23.1}% 247
\BOOKMARK [3][-]{subsubsection.4.23.1.2}{\376\377\0004\000.\0002\0003\000.\0001\000.\0002\000\040\000f\000i\000l\000t\000e\000r\000A\000i\000r\000p\000l\000a\000n\000e\000s\000\050\000\051}{subsection.4.23.1}% 248
\BOOKMARK [3][-]{subsubsection.4.23.1.3}{\376\377\0004\000.\0002\0003\000.\0001\000.\0003\000\040\000M\000e\000n\000u\000\050\000\051}{subsection.4.23.1}% 249
\BOOKMARK [3][-]{subsubsection.4.23.1.4}{\376\377\0004\000.\0002\0003\000.\0001\000.\0004\000\040\000m\000e\000n\000u\000A\000i\000r\000l\000i\000n\000e\000s\000\050\000\051}{subsection.4.23.1}% 250
\BOOKMARK [3][-]{subsubsection.4.23.1.5}{\376\377\0004\000.\0002\0003\000.\0001\000.\0005\000\040\000m\000e\000n\000u\000A\000i\000r\000p\000o\000r\000t\000s\000\050\000\051}{subsection.4.23.1}% 251
\BOOKMARK [3][-]{subsubsection.4.23.1.6}{\376\377\0004\000.\0002\0003\000.\0001\000.\0006\000\040\000m\000e\000n\000u\000C\000i\000t\000i\000e\000s\000\050\000\051}{subsection.4.23.1}% 252
\BOOKMARK [3][-]{subsubsection.4.23.1.7}{\376\377\0004\000.\0002\0003\000.\0001\000.\0007\000\040\000m\000e\000n\000u\000C\000o\000u\000n\000t\000r\000i\000e\000s\000\050\000\051}{subsection.4.23.1}% 253
\BOOKMARK [3][-]{subsubsection.4.23.1.8}{\376\377\0004\000.\0002\0003\000.\0001\000.\0008\000\040\000m\000e\000n\000u\000D\000e\000s\000t\000i\000n\000a\000t\000i\000o\000n\000\050\000\051}{subsection.4.23.1}% 254
\BOOKMARK [3][-]{subsubsection.4.23.1.9}{\376\377\0004\000.\0002\0003\000.\0001\000.\0009\000\040\000m\000e\000n\000u\000F\000l\000i\000g\000h\000t\000s\000\050\000\051}{subsection.4.23.1}% 255
\BOOKMARK [3][-]{subsubsection.4.23.1.10}{\376\377\0004\000.\0002\0003\000.\0001\000.\0001\0000\000\040\000m\000e\000n\000u\000L\000i\000s\000t\000i\000n\000g\000\050\000\051}{subsection.4.23.1}% 256
\BOOKMARK [3][-]{subsubsection.4.23.1.11}{\376\377\0004\000.\0002\0003\000.\0001\000.\0001\0001\000\040\000m\000e\000n\000u\000Q\000u\000a\000n\000t\000i\000t\000y\000\050\000\051}{subsection.4.23.1}% 257
\BOOKMARK [3][-]{subsubsection.4.23.1.12}{\376\377\0004\000.\0002\0003\000.\0001\000.\0001\0002\000\040\000s\000e\000l\000e\000c\000t\000T\000y\000p\000e\000\050\000\051}{subsection.4.23.1}% 258
\BOOKMARK [3][-]{subsubsection.4.23.1.13}{\376\377\0004\000.\0002\0003\000.\0001\000.\0001\0003\000\040\000t\000y\000p\000e\000A\000i\000r\000p\000o\000r\000t\000\050\000\051}{subsection.4.23.1}% 259
\BOOKMARK [3][-]{subsubsection.4.23.1.14}{\376\377\0004\000.\0002\0003\000.\0001\000.\0001\0004\000\040\000t\000y\000p\000e\000C\000i\000t\000y\000\050\000\051}{subsection.4.23.1}% 260
\BOOKMARK [3][-]{subsubsection.4.23.1.15}{\376\377\0004\000.\0002\0003\000.\0001\000.\0001\0005\000\040\000t\000y\000p\000e\000C\000o\000o\000r\000d\000i\000n\000a\000t\000e\000s\000\050\000\051}{subsection.4.23.1}% 261
\BOOKMARK [1][-]{section.4.24}{\376\377\0004\000.\0002\0004\000\040\000M\000e\000n\000u\000.\000h}{chapter.4}% 262
\BOOKMARK [0][-]{section*.29}{\376\377\000I\000n\000d\000e\000x}{}% 263
